Arguments: 
  /home/fgr/.nvm/versions/node/v14.17.3/bin/node /home/fgr/.nvm/versions/node/v14.17.3/bin/yarn install --force

PATH: 
  /home/fgr/.nvm/versions/node/v14.17.3/bin:/usr/local/sbin:/usr/local/bin:/usr/sbin:/usr/bin:/sbin:/bin:/usr/games:/usr/local/games:/snap/bin:/snap/bin:/home/fgr/Android/Sdk/tools:/home/fgr/Android/Sdk/platform-tools:/home/fgr/Android/Sdk/tools:/home/fgr/Android/Sdk/platform-tools:/home/fgr/Android/Sdk/tools:/home/fgr/Android/Sdk/platform-tools

Yarn version: 
  1.22.11

Node version: 
  14.17.3

Platform: 
  linux x64

Trace: 
  SyntaxError: /home/fgr/dev/Study/monorepo-02/package.json: Unexpected token } in JSON at position 259
      at JSON.parse (<anonymous>)
      at /home/fgr/.nvm/versions/node/v14.17.3/lib/node_modules/yarn/lib/cli.js:1625:59
      at Generator.next (<anonymous>)
      at step (/home/fgr/.nvm/versions/node/v14.17.3/lib/node_modules/yarn/lib/cli.js:310:30)
      at /home/fgr/.nvm/versions/node/v14.17.3/lib/node_modules/yarn/lib/cli.js:321:13

npm manifest: 
  {
    "name": "monorepo-02",
    "version": "1.0.0",
    "main": "index.js",
    "license": "MIT",
    "private": true,
    "workspaces": {
      "packages": [
        "packages/*"
      ],
      "nohoist": [
        "**/lodash"
      ]
    },
    "scripts": {
      "start": "icons"
    },
  }

yarn manifest: 
  No manifest

Lockfile: 
  # THIS IS AN AUTOGENERATED FILE. DO NOT EDIT THIS FILE DIRECTLY.
  # yarn lockfile v1
  
  
  lodash@^3:
    version "3.10.1"
    resolved "https://registry.yarnpkg.com/lodash/-/lodash-3.10.1.tgz#5bf45e8e49ba4189e17d482789dfd15bd140b7b6"
    integrity sha1-W/Rejkm6QYnhfUgnid/RW9FAt7Y=
